app/build/outputs/logs/manifest-merger-debug-report.txt
-- Merging decision tree log ---
manifest
ADDED from src\main\AndroidManifest.xml:2:1-47:12
	package
		ADDED from src\main\AndroidManifest.xml:3:5-41
		INJECTED from src\main\AndroidManifest.xml
		INJECTED from src\main\AndroidManifest.xml
	android:versionName
		ADDED from src\main\AndroidManifest.xml:5:5-30
		INJECTED from src\main\AndroidManifest.xml
		INJECTED from src\main\AndroidManifest.xml
	android:versionCode
		ADDED from src\main\AndroidManifest.xml:4:5-28
		INJECTED from src\main\AndroidManifest.xml
		INJECTED from src\main\AndroidManifest.xml
	xmlns:android
		ADDED from src\main\AndroidManifest.xml:2:11-69
uses-permission#android.permission.BLUETOOTH
ADDED from src\main\AndroidManifest.xml:7:5-68
MERGED from [com.thalmic:myosdk:0.10.0] AndroidManifest.xml:11:5-68
	android:name
		ADDED from src\main\AndroidManifest.xml:7:22-65
uses-permission#android.permission.BLUETOOTH_ADMIN
ADDED from src\main\AndroidManifest.xml:8:5-74
MERGED from [com.thalmic:myosdk:0.10.0] AndroidManifest.xml:12:5-74
	android:name
		ADDED from src\main\AndroidManifest.xml:8:22-71
uses-permission#android.permission.WRITE_EXTERNAL_STORAGE
ADDED from src\main\AndroidManifest.xml:9:5-81
	android:name
		ADDED from src\main\AndroidManifest.xml:9:22-78
uses-permission#android.permission.INTERNET
ADDED from src\main\AndroidManifest.xml:10:5-66
MERGED from [com.thalmic:myosdk:0.10.0] AndroidManifest.xml:13:5-67
	android:name
		ADDED from src\main\AndroidManifest.xml:10:22-64
uses-sdk
ADDED from src\main\AndroidManifest.xml:11:5-13:41
MERGED from [com.thalmic:myosdk:0.10.0] AndroidManifest.xml:7:5-9:41
MERGED from [com.spotify.sdk:spotify-auth:1.0.0-beta12] AndroidManifest.xml:26:5-28:41
MERGED from [com.spotify.sdk:spotify-player:1.0.0-beta12] AndroidManifest.xml:26:5-28:41
MERGED from [com.android.support:support-v4:21.0.3] AndroidManifest.xml:15:5-42
	android:targetSdkVersion
		ADDED from src\main\AndroidManifest.xml:13:9-38
		INJECTED from src\main\AndroidManifest.xml
		INJECTED from src\main\AndroidManifest.xml
	android:minSdkVersion
		ADDED from src\main\AndroidManifest.xml:12:9-35
		INJECTED from src\main\AndroidManifest.xml
		INJECTED from src\main\AndroidManifest.xml
application
ADDED from src\main\AndroidManifest.xml:15:5-45:19
MERGED from [com.thalmic:myosdk:0.10.0] AndroidManifest.xml:15:5-20:19
MERGED from [com.spotify.sdk:spotify-auth:1.0.0-beta12] AndroidManifest.xml:30:5-20
MERGED from [com.spotify.sdk:spotify-player:1.0.0-beta12] AndroidManifest.xml:30:5-20
MERGED from [com.android.support:support-v4:21.0.3] AndroidManifest.xml:16:5-19
	android:label
		ADDED from src\main\AndroidManifest.xml:18:9-41
	android:allowBackup
		ADDED from src\main\AndroidManifest.xml:16:9-35
	android:icon
		ADDED from src\main\AndroidManifest.xml:17:9-45
	android:theme
		ADDED from src\main\AndroidManifest.xml:19:9-40
activity#com.interaxon.test.libmuse.MainActivity
ADDED from src\main\AndroidManifest.xml:20:9-29:20
	android:screenOrientation
		ADDED from src\main\AndroidManifest.xml:22:13-49
	android:label
		ADDED from src\main\AndroidManifest.xml:23:13-45
	android:name
		ADDED from src\main\AndroidManifest.xml:21:13-67
intent-filter#android.intent.action.MAIN+android.intent.category.LAUNCHER
ADDED from src\main\AndroidManifest.xml:24:13-28:29
action#android.intent.action.MAIN
ADDED from src\main\AndroidManifest.xml:25:17-69
	android:name
		ADDED from src\main\AndroidManifest.xml:25:25-66
category#android.intent.category.LAUNCHER
ADDED from src\main\AndroidManifest.xml:27:17-77
	android:name
		ADDED from src\main\AndroidManifest.xml:27:27-74
activity#com.spotify.sdk.android.authentication.LoginActivity
ADDED from src\main\AndroidManifest.xml:30:9-32:74
	android:theme
		ADDED from src\main\AndroidManifest.xml:32:13-72
	android:name
		ADDED from src\main\AndroidManifest.xml:31:13-80
receiver#com.interaxon.test.libmuse.MyBroadcastReceiver
ADDED from src\main\AndroidManifest.xml:33:9-44:20
	android:enabled
		ADDED from src\main\AndroidManifest.xml:35:13-35
	android:exported
		ADDED from src\main\AndroidManifest.xml:36:13-36
	android:name
		ADDED from src\main\AndroidManifest.xml:34:13-47
intent-filter#com.spotify.music.metadatachanged+com.spotify.music.playbackstatechanged+com.spotify.music.queuechanged
ADDED from src\main\AndroidManifest.xml:38:13-42:29
action#com.spotify.music.playbackstatechanged
ADDED from src\main\AndroidManifest.xml:39:17-80
	android:name
		ADDED from src\main\AndroidManifest.xml:39:25-78
action#com.spotify.music.metadatachanged
ADDED from src\main\AndroidManifest.xml:40:17-75
	android:name
		ADDED from src\main\AndroidManifest.xml:40:25-73
action#com.spotify.music.queuechanged
ADDED from src\main\AndroidManifest.xml:41:17-72
	android:name
		ADDED from src\main\AndroidManifest.xml:41:25-70
activity#com.thalmic.myo.scanner.ScanActivity
ADDED from [com.thalmic:myosdk:0.10.0] AndroidManifest.xml:16:9-19:64
	android:label
		ADDED from [com.thalmic:myosdk:0.10.0] AndroidManifest.xml:18:13-64
	android:theme
		ADDED from [com.thalmic:myosdk:0.10.0] AndroidManifest.xml:19:13-61
	android:name
		ADDED from [com.thalmic:myosdk:0.10.0] AndroidManifest.xml:17:13-64